<?xml version="1.0" encoding="UTF-8"?>
<!-- Generated by org.testng.reporters.JUnitReportReporter -->
<testsuite hostname="DT-KALYANASHIS" name="com.phm.hec.PD.Testcases.TC402DownloadFile" tests="1" failures="0" timestamp="30 Jun 2017 15:29:00 GMT" time="30.535" errors="0">
  <testcase name="downloadfile" time="30.535" classname="com.phm.hec.PD.Testcases.TC402DownloadFile"/>
</testsuite> <!-- com.phm.hec.PD.Testcases.TC402DownloadFile -->
