<?xml version="1.0" encoding="UTF-8"?>
<!-- Generated by org.testng.reporters.JUnitReportReporter -->
<testsuite hostname="DT-KALYANASHIS" name="com.phm.hec.testcases.initiate" tests="1" failures="0" timestamp="14 Jul 2017 16:21:57 GMT" time="18.573" errors="0">
  <testcase name="loginn" time="18.573" classname="com.phm.hec.testcases.initiate"/>
</testsuite> <!-- com.phm.hec.testcases.initiate -->
