<?xml version="1.0" encoding="UTF-8"?>
<!-- Generated by org.testng.reporters.JUnitReportReporter -->
<testsuite hostname="LT-MAHESHANANDA" name="com.phm.hec.PD.Testcases.TC470AuditLogReport" tests="1" failures="0" timestamp="10 Jul 2017 16:37:33 GMT" time="95.973" errors="0">
  <testcase name="AuditLogReports" time="95.973" classname="com.phm.hec.PD.Testcases.TC470AuditLogReport"/>
</testsuite> <!-- com.phm.hec.PD.Testcases.TC470AuditLogReport -->
