<?xml version="1.0" encoding="UTF-8"?>
<!-- Generated by org.testng.reporters.JUnitReportReporter -->
<testsuite hostname="DT-KALYANASHIS" name="com.phm.hec.PD.Testcases.TC16AddAccount" tests="1" failures="0" timestamp="14 Jul 2017 16:21:57 GMT" time="73.449" errors="0">
  <testcase name="AddAccount" time="73.449" classname="com.phm.hec.PD.Testcases.TC16AddAccount"/>
</testsuite> <!-- com.phm.hec.PD.Testcases.TC16AddAccount -->
